2020-05-06 23:10:51,807 INFO daemonizing the supervisord process
2020-05-06 23:10:51,809 INFO supervisord started with pid 27823
2020-05-06 23:10:52,814 INFO spawned: '0' with pid 27832
2020-05-06 23:10:52,819 INFO spawned: '1' with pid 27833
2020-05-06 23:10:52,822 INFO spawned: '2' with pid 27834
2020-05-06 23:10:52,825 INFO spawned: '3' with pid 27835
2020-05-06 23:10:52,827 INFO spawned: '4' with pid 27836
2020-05-06 23:10:52,829 INFO spawned: '5' with pid 27837
2020-05-06 23:10:52,831 INFO spawned: '6' with pid 27838
2020-05-06 23:10:52,833 INFO spawned: '7' with pid 27839
2020-05-06 23:10:52,834 INFO spawned: '8' with pid 27840
2020-05-06 23:10:52,836 INFO spawned: '9' with pid 27841
2020-05-06 23:10:53,837 INFO success: 0 entered RUNNING state, process has stayed up for > than 1 seconds (startsecs)
2020-05-06 23:10:53,837 INFO success: 1 entered RUNNING state, process has stayed up for > than 1 seconds (startsecs)
2020-05-06 23:10:53,837 INFO success: 2 entered RUNNING state, process has stayed up for > than 1 seconds (startsecs)
2020-05-06 23:10:53,837 INFO success: 3 entered RUNNING state, process has stayed up for > than 1 seconds (startsecs)
2020-05-06 23:10:53,837 INFO success: 4 entered RUNNING state, process has stayed up for > than 1 seconds (startsecs)
2020-05-06 23:10:53,838 INFO success: 5 entered RUNNING state, process has stayed up for > than 1 seconds (startsecs)
2020-05-06 23:10:53,838 INFO success: 6 entered RUNNING state, process has stayed up for > than 1 seconds (startsecs)
2020-05-06 23:10:53,838 INFO success: 7 entered RUNNING state, process has stayed up for > than 1 seconds (startsecs)
2020-05-06 23:10:53,838 INFO success: 8 entered RUNNING state, process has stayed up for > than 1 seconds (startsecs)
2020-05-06 23:10:53,838 INFO success: 9 entered RUNNING state, process has stayed up for > than 1 seconds (startsecs)
2020-05-06 23:42:01,300 INFO exited: 7 (exit status 0; expected)
2020-05-06 23:54:34,345 INFO exited: 2 (exit status 0; expected)
2020-05-06 23:57:27,668 INFO exited: 9 (exit status 0; expected)
2020-05-07 00:09:43,472 INFO exited: 1 (exit status 0; expected)
2020-05-07 00:11:01,914 INFO exited: 3 (terminated by SIGINT; not expected)
2020-05-07 00:11:02,917 INFO spawned: '3' with pid 11345
2020-05-07 00:11:03,919 INFO success: 3 entered RUNNING state, process has stayed up for > than 1 seconds (startsecs)
2020-05-07 00:15:39,627 INFO exited: 5 (exit status 0; expected)
2020-05-07 00:15:44,922 INFO exited: 3 (exit status 0; expected)
2020-05-07 00:15:52,222 INFO exited: 6 (exit status 0; expected)
2020-05-07 00:15:54,787 INFO exited: 8 (exit status 0; expected)
2020-05-07 00:16:02,216 INFO exited: 0 (terminated by SIGINT; not expected)
2020-05-07 00:16:03,219 INFO spawned: '0' with pid 12555
2020-05-07 00:16:04,433 INFO success: 0 entered RUNNING state, process has stayed up for > than 1 seconds (startsecs)
2020-05-07 00:18:12,452 INFO exited: 0 (exit status 0; expected)
2020-05-07 00:18:15,493 INFO exited: 4 (exit status 0; expected)
2020-05-07 00:30:17,827 INFO daemonizing the supervisord process
2020-05-07 00:30:17,828 INFO supervisord started with pid 16262
2020-05-07 00:30:18,832 INFO spawned: '0' with pid 16271
2020-05-07 00:30:18,837 INFO spawned: '1' with pid 16272
2020-05-07 00:30:18,840 INFO spawned: '2' with pid 16273
2020-05-07 00:30:18,842 INFO spawned: '3' with pid 16274
2020-05-07 00:30:18,844 INFO spawned: '4' with pid 16275
2020-05-07 00:30:18,847 INFO spawned: '5' with pid 16276
2020-05-07 00:30:18,851 INFO spawned: '6' with pid 16277
2020-05-07 00:30:18,855 INFO spawned: '7' with pid 16278
2020-05-07 00:30:18,857 INFO spawned: '8' with pid 16279
2020-05-07 00:30:18,859 INFO spawned: '9' with pid 16280
2020-05-07 00:30:20,607 INFO success: 0 entered RUNNING state, process has stayed up for > than 1 seconds (startsecs)
2020-05-07 00:30:20,607 INFO success: 1 entered RUNNING state, process has stayed up for > than 1 seconds (startsecs)
2020-05-07 00:30:20,607 INFO success: 2 entered RUNNING state, process has stayed up for > than 1 seconds (startsecs)
2020-05-07 00:30:20,608 INFO success: 3 entered RUNNING state, process has stayed up for > than 1 seconds (startsecs)
2020-05-07 00:30:20,608 INFO success: 4 entered RUNNING state, process has stayed up for > than 1 seconds (startsecs)
2020-05-07 00:30:20,608 INFO success: 5 entered RUNNING state, process has stayed up for > than 1 seconds (startsecs)
2020-05-07 00:30:20,608 INFO success: 6 entered RUNNING state, process has stayed up for > than 1 seconds (startsecs)
2020-05-07 00:30:20,608 INFO success: 7 entered RUNNING state, process has stayed up for > than 1 seconds (startsecs)
2020-05-07 00:30:20,608 INFO success: 8 entered RUNNING state, process has stayed up for > than 1 seconds (startsecs)
2020-05-07 00:30:20,608 INFO success: 9 entered RUNNING state, process has stayed up for > than 1 seconds (startsecs)
2020-05-07 00:31:55,316 INFO exited: 7 (exit status 0; expected)
2020-05-07 00:33:40,344 INFO exited: 4 (exit status 0; expected)
2020-05-08 00:44:38,627 INFO daemonizing the supervisord process
2020-05-08 00:44:38,651 INFO supervisord started with pid 4380
2020-05-08 00:44:39,655 INFO spawned: '0' with pid 4387
2020-05-08 00:44:39,659 INFO spawned: '1' with pid 4388
2020-05-08 00:44:39,664 INFO spawned: '2' with pid 4389
2020-05-08 00:44:39,666 INFO spawned: '3' with pid 4390
2020-05-08 00:44:39,668 INFO spawned: '4' with pid 4391
2020-05-08 00:44:39,670 INFO spawned: '5' with pid 4392
2020-05-08 00:44:39,672 INFO spawned: '6' with pid 4393
2020-05-08 00:44:39,674 INFO spawned: '7' with pid 4394
2020-05-08 00:44:39,675 INFO spawned: '8' with pid 4395
2020-05-08 00:44:39,677 INFO spawned: '9' with pid 4396
2020-05-08 00:44:41,596 INFO success: 0 entered RUNNING state, process has stayed up for > than 1 seconds (startsecs)
2020-05-08 00:44:41,596 INFO success: 1 entered RUNNING state, process has stayed up for > than 1 seconds (startsecs)
2020-05-08 00:44:41,597 INFO success: 2 entered RUNNING state, process has stayed up for > than 1 seconds (startsecs)
2020-05-08 00:44:41,597 INFO success: 3 entered RUNNING state, process has stayed up for > than 1 seconds (startsecs)
2020-05-08 00:44:41,597 INFO success: 4 entered RUNNING state, process has stayed up for > than 1 seconds (startsecs)
2020-05-08 00:44:41,597 INFO success: 5 entered RUNNING state, process has stayed up for > than 1 seconds (startsecs)
2020-05-08 00:44:41,597 INFO success: 6 entered RUNNING state, process has stayed up for > than 1 seconds (startsecs)
2020-05-08 00:44:41,597 INFO success: 7 entered RUNNING state, process has stayed up for > than 1 seconds (startsecs)
2020-05-08 00:44:41,597 INFO success: 8 entered RUNNING state, process has stayed up for > than 1 seconds (startsecs)
2020-05-08 00:44:41,597 INFO success: 9 entered RUNNING state, process has stayed up for > than 1 seconds (startsecs)
2020-05-08 01:15:05,021 INFO exited: 4 (exit status 0; expected)
2020-05-08 01:30:31,504 INFO exited: 3 (exit status 0; expected)
2020-05-08 21:03:43,978 INFO daemonizing the supervisord process
2020-05-08 21:03:44,134 INFO supervisord started with pid 5496
2020-05-08 21:03:45,141 INFO spawned: '0' with pid 5503
2020-05-08 21:03:45,143 INFO spawned: '1' with pid 5504
2020-05-08 21:03:45,145 INFO spawned: '2' with pid 5505
2020-05-08 21:03:45,147 INFO spawned: '3' with pid 5506
2020-05-08 21:03:45,149 INFO spawned: '4' with pid 5507
2020-05-08 21:03:45,151 INFO spawned: '5' with pid 5508
2020-05-08 21:03:45,154 INFO spawned: '6' with pid 5509
2020-05-08 21:03:45,157 INFO spawned: '7' with pid 5510
2020-05-08 21:03:45,159 INFO spawned: '8' with pid 5511
2020-05-08 21:03:45,161 INFO spawned: '9' with pid 5512
2020-05-08 21:03:47,068 INFO success: 0 entered RUNNING state, process has stayed up for > than 1 seconds (startsecs)
2020-05-08 21:03:47,068 INFO success: 1 entered RUNNING state, process has stayed up for > than 1 seconds (startsecs)
2020-05-08 21:03:47,068 INFO success: 2 entered RUNNING state, process has stayed up for > than 1 seconds (startsecs)
2020-05-08 21:03:47,068 INFO success: 3 entered RUNNING state, process has stayed up for > than 1 seconds (startsecs)
2020-05-08 21:03:47,068 INFO success: 4 entered RUNNING state, process has stayed up for > than 1 seconds (startsecs)
2020-05-08 21:03:47,068 INFO success: 5 entered RUNNING state, process has stayed up for > than 1 seconds (startsecs)
2020-05-08 21:03:47,068 INFO success: 6 entered RUNNING state, process has stayed up for > than 1 seconds (startsecs)
2020-05-08 21:03:47,068 INFO success: 7 entered RUNNING state, process has stayed up for > than 1 seconds (startsecs)
2020-05-08 21:03:47,068 INFO success: 8 entered RUNNING state, process has stayed up for > than 1 seconds (startsecs)
2020-05-08 21:03:47,068 INFO success: 9 entered RUNNING state, process has stayed up for > than 1 seconds (startsecs)
2020-05-09 13:21:02,565 INFO daemonizing the supervisord process
2020-05-09 13:21:02,568 INFO supervisord started with pid 30266
2020-05-09 13:21:03,571 INFO spawned: '0' with pid 30279
2020-05-09 13:21:03,581 INFO spawned: '1' with pid 30280
2020-05-09 13:21:03,584 INFO spawned: '2' with pid 30281
2020-05-09 13:21:03,586 INFO spawned: '3' with pid 30282
2020-05-09 13:21:03,589 INFO spawned: '4' with pid 30283
2020-05-09 13:21:03,592 INFO spawned: '5' with pid 30284
2020-05-09 13:21:03,595 INFO spawned: '6' with pid 30285
2020-05-09 13:21:03,597 INFO spawned: '7' with pid 30286
2020-05-09 13:21:03,606 INFO spawned: '8' with pid 30287
2020-05-09 13:21:03,615 INFO spawned: '9' with pid 30288
2020-05-09 13:21:05,441 INFO success: 0 entered RUNNING state, process has stayed up for > than 1 seconds (startsecs)
2020-05-09 13:21:05,441 INFO success: 1 entered RUNNING state, process has stayed up for > than 1 seconds (startsecs)
2020-05-09 13:21:05,441 INFO success: 2 entered RUNNING state, process has stayed up for > than 1 seconds (startsecs)
2020-05-09 13:21:05,442 INFO success: 3 entered RUNNING state, process has stayed up for > than 1 seconds (startsecs)
2020-05-09 13:21:05,442 INFO success: 4 entered RUNNING state, process has stayed up for > than 1 seconds (startsecs)
2020-05-09 13:21:05,442 INFO success: 5 entered RUNNING state, process has stayed up for > than 1 seconds (startsecs)
2020-05-09 13:21:05,442 INFO success: 6 entered RUNNING state, process has stayed up for > than 1 seconds (startsecs)
2020-05-09 13:21:05,442 INFO success: 7 entered RUNNING state, process has stayed up for > than 1 seconds (startsecs)
2020-05-09 13:21:05,442 INFO success: 8 entered RUNNING state, process has stayed up for > than 1 seconds (startsecs)
2020-05-09 13:21:05,442 INFO success: 9 entered RUNNING state, process has stayed up for > than 1 seconds (startsecs)
2020-05-09 13:21:24,577 INFO exited: 3 (exit status 0; expected)
2020-05-09 13:45:42,138 INFO exited: 5 (exit status 0; expected)
2020-05-09 13:47:55,017 INFO exited: 0 (exit status 0; expected)
2020-05-09 13:57:31,791 INFO exited: 2 (exit status 0; expected)
2020-05-09 14:13:29,320 INFO exited: 7 (exit status 0; expected)
2020-05-09 15:13:07,371 INFO exited: 1 (exit status 0; expected)
2020-05-09 16:49:27,828 INFO exited: 6 (exit status 0; expected)
2020-05-09 16:49:29,229 INFO exited: 4 (exit status 0; expected)
2020-05-09 16:49:31,507 INFO exited: 8 (exit status 0; expected)
2020-05-09 16:49:37,157 INFO exited: 9 (exit status 0; expected)
2020-05-09 16:49:55,604 INFO daemonizing the supervisord process
2020-05-09 16:49:55,605 INFO supervisord started with pid 17830
2020-05-09 16:49:56,607 INFO spawned: '0' with pid 17843
2020-05-09 16:49:56,612 INFO spawned: '1' with pid 17844
2020-05-09 16:49:56,615 INFO spawned: '2' with pid 17845
2020-05-09 16:49:56,618 INFO spawned: '3' with pid 17846
2020-05-09 16:49:56,620 INFO spawned: '4' with pid 17847
2020-05-09 16:49:56,622 INFO spawned: '5' with pid 17848
2020-05-09 16:49:56,624 INFO spawned: '6' with pid 17849
2020-05-09 16:49:56,626 INFO spawned: '7' with pid 17850
2020-05-09 16:49:56,631 INFO spawned: '8' with pid 17851
2020-05-09 16:49:56,633 INFO spawned: '9' with pid 17852
2020-05-09 16:49:58,281 INFO success: 0 entered RUNNING state, process has stayed up for > than 1 seconds (startsecs)
2020-05-09 16:49:58,281 INFO success: 1 entered RUNNING state, process has stayed up for > than 1 seconds (startsecs)
2020-05-09 16:49:58,281 INFO success: 2 entered RUNNING state, process has stayed up for > than 1 seconds (startsecs)
2020-05-09 16:49:58,281 INFO success: 3 entered RUNNING state, process has stayed up for > than 1 seconds (startsecs)
2020-05-09 16:49:58,281 INFO success: 4 entered RUNNING state, process has stayed up for > than 1 seconds (startsecs)
2020-05-09 16:49:58,281 INFO success: 5 entered RUNNING state, process has stayed up for > than 1 seconds (startsecs)
2020-05-09 16:49:58,281 INFO success: 6 entered RUNNING state, process has stayed up for > than 1 seconds (startsecs)
2020-05-09 16:49:58,282 INFO success: 7 entered RUNNING state, process has stayed up for > than 1 seconds (startsecs)
2020-05-09 16:49:58,282 INFO success: 8 entered RUNNING state, process has stayed up for > than 1 seconds (startsecs)
2020-05-09 16:49:58,282 INFO success: 9 entered RUNNING state, process has stayed up for > than 1 seconds (startsecs)
2020-05-09 17:27:59,781 INFO exited: 8 (exit status 0; expected)
2020-05-09 17:28:01,318 INFO exited: 5 (exit status 0; expected)
2020-05-09 17:28:03,682 INFO exited: 3 (exit status 0; expected)
2020-05-09 17:28:08,465 INFO exited: 7 (exit status 0; expected)
2020-05-09 17:28:10,644 INFO exited: 2 (exit status 0; expected)
2020-05-09 17:28:14,603 INFO exited: 0 (exit status 0; expected)
2020-05-09 17:28:17,305 INFO exited: 6 (exit status 0; expected)
2020-05-09 17:28:20,221 INFO exited: 1 (exit status 0; expected)
2020-05-09 17:28:23,100 INFO exited: 9 (exit status 0; expected)
2020-05-09 17:28:28,039 INFO exited: 4 (exit status 0; expected)
2020-05-09 17:29:09,105 INFO daemonizing the supervisord process
2020-05-09 17:29:09,107 INFO supervisord started with pid 27796
2020-05-09 17:29:10,111 INFO spawned: '0' with pid 27846
2020-05-09 17:29:10,114 INFO spawned: '1' with pid 27847
2020-05-09 17:29:10,116 INFO spawned: '2' with pid 27848
2020-05-09 17:29:10,119 INFO spawned: '3' with pid 27849
2020-05-09 17:29:10,121 INFO spawned: '4' with pid 27850
2020-05-09 17:29:10,124 INFO spawned: '5' with pid 27851
2020-05-09 17:29:10,128 INFO spawned: '6' with pid 27852
2020-05-09 17:29:10,134 INFO spawned: '7' with pid 27853
2020-05-09 17:29:10,136 INFO spawned: '8' with pid 27854
2020-05-09 17:29:10,152 INFO spawned: '9' with pid 27855
2020-05-09 17:29:11,864 INFO success: 0 entered RUNNING state, process has stayed up for > than 1 seconds (startsecs)
2020-05-09 17:29:11,864 INFO success: 1 entered RUNNING state, process has stayed up for > than 1 seconds (startsecs)
2020-05-09 17:29:11,865 INFO success: 2 entered RUNNING state, process has stayed up for > than 1 seconds (startsecs)
2020-05-09 17:29:11,865 INFO success: 3 entered RUNNING state, process has stayed up for > than 1 seconds (startsecs)
2020-05-09 17:29:11,865 INFO success: 4 entered RUNNING state, process has stayed up for > than 1 seconds (startsecs)
2020-05-09 17:29:11,865 INFO success: 5 entered RUNNING state, process has stayed up for > than 1 seconds (startsecs)
2020-05-09 17:29:11,865 INFO success: 6 entered RUNNING state, process has stayed up for > than 1 seconds (startsecs)
2020-05-09 17:29:11,865 INFO success: 7 entered RUNNING state, process has stayed up for > than 1 seconds (startsecs)
2020-05-09 17:29:11,866 INFO success: 8 entered RUNNING state, process has stayed up for > than 1 seconds (startsecs)
2020-05-09 17:29:11,866 INFO success: 9 entered RUNNING state, process has stayed up for > than 1 seconds (startsecs)
2020-05-09 17:49:51,527 INFO exited: 4 (exit status 0; expected)
2020-05-09 17:49:53,373 INFO exited: 1 (exit status 0; expected)
2020-05-09 17:49:55,146 INFO exited: 8 (exit status 0; expected)
2020-05-09 17:49:57,196 INFO exited: 6 (exit status 0; expected)
2020-05-09 17:50:00,082 INFO exited: 7 (exit status 0; expected)
2020-05-09 17:50:02,036 INFO exited: 5 (exit status 0; expected)
2020-05-09 17:50:03,607 INFO exited: 3 (exit status 0; expected)
2020-05-09 17:50:05,229 INFO exited: 2 (exit status 0; expected)
2020-05-09 17:50:06,861 INFO exited: 0 (exit status 0; expected)
2020-05-09 17:50:34,688 INFO exited: 9 (exit status 0; expected)
2020-05-10 14:41:55,850 INFO daemonizing the supervisord process
2020-05-10 14:41:55,889 INFO supervisord started with pid 30457
2020-05-10 14:41:56,894 INFO spawned: '0' with pid 30470
2020-05-10 14:41:56,898 INFO spawned: '1' with pid 30471
2020-05-10 14:41:56,900 INFO spawned: '2' with pid 30472
2020-05-10 14:41:56,904 INFO spawned: '3' with pid 30473
2020-05-10 14:41:56,906 INFO spawned: '4' with pid 30474
2020-05-10 14:41:56,908 INFO spawned: '5' with pid 30475
2020-05-10 14:41:56,910 INFO spawned: '6' with pid 30476
2020-05-10 14:41:56,913 INFO spawned: '7' with pid 30477
2020-05-10 14:41:56,915 INFO spawned: '8' with pid 30478
2020-05-10 14:41:56,917 INFO spawned: '9' with pid 30479
2020-05-10 14:41:58,866 INFO success: 0 entered RUNNING state, process has stayed up for > than 1 seconds (startsecs)
2020-05-10 14:41:58,866 INFO success: 1 entered RUNNING state, process has stayed up for > than 1 seconds (startsecs)
2020-05-10 14:41:58,866 INFO success: 2 entered RUNNING state, process has stayed up for > than 1 seconds (startsecs)
2020-05-10 14:41:58,866 INFO success: 3 entered RUNNING state, process has stayed up for > than 1 seconds (startsecs)
2020-05-10 14:41:58,866 INFO success: 4 entered RUNNING state, process has stayed up for > than 1 seconds (startsecs)
2020-05-10 14:41:58,866 INFO success: 5 entered RUNNING state, process has stayed up for > than 1 seconds (startsecs)
2020-05-10 14:41:58,866 INFO success: 6 entered RUNNING state, process has stayed up for > than 1 seconds (startsecs)
2020-05-10 14:41:58,866 INFO success: 7 entered RUNNING state, process has stayed up for > than 1 seconds (startsecs)
2020-05-10 14:41:58,866 INFO success: 8 entered RUNNING state, process has stayed up for > than 1 seconds (startsecs)
2020-05-10 14:41:58,866 INFO success: 9 entered RUNNING state, process has stayed up for > than 1 seconds (startsecs)
2020-05-10 17:31:10,599 WARN received SIGINT indicating exit request
2020-05-10 17:31:10,600 INFO waiting for 0, 1, 2, 3, 4, 5, 6, 7, 8, 9 to die
2020-05-10 17:31:10,636 INFO stopped: 8 (exit status 0)
2020-05-10 17:31:10,636 INFO stopped: 9 (exit status 0)
2020-05-10 17:31:10,666 INFO stopped: 3 (exit status 0)
2020-05-10 17:31:10,681 INFO stopped: 5 (exit status 0)
2020-05-10 17:31:10,688 INFO stopped: 4 (exit status 0)
2020-05-10 17:31:10,691 INFO stopped: 0 (exit status 0)
2020-05-10 17:31:10,692 INFO stopped: 6 (exit status 0)
2020-05-10 17:31:10,692 INFO stopped: 7 (exit status 0)
2020-05-10 17:31:10,693 INFO stopped: 2 (exit status 0)
2020-05-10 17:31:10,696 INFO stopped: 1 (exit status 0)
2020-05-10 17:32:17,009 INFO daemonizing the supervisord process
2020-05-10 17:32:17,010 INFO supervisord started with pid 3695
2020-05-10 17:32:18,014 INFO spawned: '0' with pid 3749
2020-05-10 17:32:18,019 INFO spawned: '1' with pid 3750
2020-05-10 17:32:18,022 INFO spawned: '2' with pid 3751
2020-05-10 17:32:18,025 INFO spawned: '3' with pid 3752
2020-05-10 17:32:18,028 INFO spawned: '4' with pid 3753
2020-05-10 17:32:18,030 INFO spawned: '5' with pid 3754
2020-05-10 17:32:18,033 INFO spawned: '6' with pid 3755
2020-05-10 17:32:18,040 INFO spawned: '7' with pid 3756
2020-05-10 17:32:18,042 INFO spawned: '8' with pid 3757
2020-05-10 17:32:18,045 INFO spawned: '9' with pid 3758
2020-05-10 17:32:19,659 INFO success: 0 entered RUNNING state, process has stayed up for > than 1 seconds (startsecs)
2020-05-10 17:32:19,659 INFO success: 1 entered RUNNING state, process has stayed up for > than 1 seconds (startsecs)
2020-05-10 17:32:19,659 INFO success: 2 entered RUNNING state, process has stayed up for > than 1 seconds (startsecs)
2020-05-10 17:32:19,659 INFO success: 3 entered RUNNING state, process has stayed up for > than 1 seconds (startsecs)
2020-05-10 17:32:19,659 INFO success: 4 entered RUNNING state, process has stayed up for > than 1 seconds (startsecs)
2020-05-10 17:32:19,659 INFO success: 5 entered RUNNING state, process has stayed up for > than 1 seconds (startsecs)
2020-05-10 17:32:19,659 INFO success: 6 entered RUNNING state, process has stayed up for > than 1 seconds (startsecs)
2020-05-10 17:32:19,659 INFO success: 7 entered RUNNING state, process has stayed up for > than 1 seconds (startsecs)
2020-05-10 17:32:19,660 INFO success: 8 entered RUNNING state, process has stayed up for > than 1 seconds (startsecs)
2020-05-10 17:32:19,660 INFO success: 9 entered RUNNING state, process has stayed up for > than 1 seconds (startsecs)
2020-05-10 22:25:50,483 INFO daemonizing the supervisord process
2020-05-10 22:25:50,625 INFO supervisord started with pid 6279
2020-05-10 22:25:51,629 INFO spawned: '0' with pid 6304
2020-05-10 22:25:51,631 INFO spawned: '1' with pid 6305
2020-05-10 22:25:51,632 INFO spawned: '2' with pid 6306
2020-05-10 22:25:51,635 INFO spawned: '3' with pid 6307
2020-05-10 22:25:51,638 INFO spawned: '4' with pid 6308
2020-05-10 22:25:51,641 INFO spawned: '5' with pid 6310
2020-05-10 22:25:51,643 INFO spawned: '6' with pid 6311
2020-05-10 22:25:51,666 INFO spawned: '7' with pid 6312
2020-05-10 22:25:51,668 INFO spawned: '8' with pid 6317
2020-05-10 22:25:51,670 INFO spawned: '9' with pid 6318
2020-05-10 22:25:52,627 INFO success: 0 entered RUNNING state, process has stayed up for > than 1 seconds (startsecs)
2020-05-10 22:25:52,655 INFO success: 1 entered RUNNING state, process has stayed up for > than 1 seconds (startsecs)
2020-05-10 22:25:52,655 INFO success: 2 entered RUNNING state, process has stayed up for > than 1 seconds (startsecs)
2020-05-10 22:25:52,655 INFO success: 3 entered RUNNING state, process has stayed up for > than 1 seconds (startsecs)
2020-05-10 22:25:52,655 INFO success: 4 entered RUNNING state, process has stayed up for > than 1 seconds (startsecs)
2020-05-10 22:25:52,655 INFO success: 5 entered RUNNING state, process has stayed up for > than 1 seconds (startsecs)
2020-05-10 22:25:52,655 INFO success: 6 entered RUNNING state, process has stayed up for > than 1 seconds (startsecs)
2020-05-10 22:25:52,655 INFO success: 7 entered RUNNING state, process has stayed up for > than 1 seconds (startsecs)
2020-05-10 22:25:53,662 INFO success: 8 entered RUNNING state, process has stayed up for > than 1 seconds (startsecs)
2020-05-10 22:25:53,662 INFO success: 9 entered RUNNING state, process has stayed up for > than 1 seconds (startsecs)
2020-05-10 23:20:53,037 INFO daemonizing the supervisord process
2020-05-10 23:20:53,242 INFO supervisord started with pid 5510
2020-05-10 23:20:54,245 INFO spawned: '0' with pid 5523
2020-05-10 23:20:54,247 INFO spawned: '1' with pid 5524
2020-05-10 23:20:54,249 INFO spawned: '2' with pid 5525
2020-05-10 23:20:54,251 INFO spawned: '3' with pid 5526
2020-05-10 23:20:54,253 INFO spawned: '4' with pid 5527
2020-05-10 23:20:54,255 INFO spawned: '5' with pid 5528
2020-05-10 23:20:54,258 INFO spawned: '6' with pid 5529
2020-05-10 23:20:54,260 INFO spawned: '7' with pid 5530
2020-05-10 23:20:54,262 INFO spawned: '8' with pid 5531
2020-05-10 23:20:54,264 INFO spawned: '9' with pid 5532
2020-05-10 23:20:55,266 INFO success: 0 entered RUNNING state, process has stayed up for > than 1 seconds (startsecs)
2020-05-10 23:20:55,266 INFO success: 1 entered RUNNING state, process has stayed up for > than 1 seconds (startsecs)
2020-05-10 23:20:55,266 INFO success: 2 entered RUNNING state, process has stayed up for > than 1 seconds (startsecs)
2020-05-10 23:20:55,266 INFO success: 3 entered RUNNING state, process has stayed up for > than 1 seconds (startsecs)
2020-05-10 23:20:55,266 INFO success: 4 entered RUNNING state, process has stayed up for > than 1 seconds (startsecs)
2020-05-10 23:20:55,266 INFO success: 5 entered RUNNING state, process has stayed up for > than 1 seconds (startsecs)
2020-05-10 23:20:55,267 INFO success: 6 entered RUNNING state, process has stayed up for > than 1 seconds (startsecs)
2020-05-10 23:20:55,267 INFO success: 7 entered RUNNING state, process has stayed up for > than 1 seconds (startsecs)
2020-05-10 23:20:55,267 INFO success: 8 entered RUNNING state, process has stayed up for > than 1 seconds (startsecs)
2020-05-10 23:20:55,267 INFO success: 9 entered RUNNING state, process has stayed up for > than 1 seconds (startsecs)
2020-05-11 00:39:38,711 INFO exited: 6 (exit status 0; expected)
2020-05-11 20:33:27,631 INFO daemonizing the supervisord process
2020-05-11 20:33:27,660 INFO supervisord started with pid 22195
2020-05-11 20:33:28,883 INFO spawned: '0' with pid 22213
2020-05-11 20:33:28,885 INFO spawned: '1' with pid 22214
2020-05-11 20:33:28,887 INFO spawned: '2' with pid 22215
2020-05-11 20:33:28,889 INFO spawned: '3' with pid 22216
2020-05-11 20:33:28,892 INFO spawned: '4' with pid 22217
2020-05-11 20:33:28,895 INFO spawned: '5' with pid 22218
2020-05-11 20:33:28,897 INFO spawned: '6' with pid 22219
2020-05-11 20:33:28,899 INFO spawned: '7' with pid 22220
2020-05-11 20:33:28,901 INFO spawned: '8' with pid 22221
2020-05-11 20:33:28,903 INFO spawned: '9' with pid 22222
2020-05-11 20:33:29,905 INFO success: 0 entered RUNNING state, process has stayed up for > than 1 seconds (startsecs)
2020-05-11 20:33:29,905 INFO success: 1 entered RUNNING state, process has stayed up for > than 1 seconds (startsecs)
2020-05-11 20:33:29,905 INFO success: 2 entered RUNNING state, process has stayed up for > than 1 seconds (startsecs)
2020-05-11 20:33:29,906 INFO success: 3 entered RUNNING state, process has stayed up for > than 1 seconds (startsecs)
2020-05-11 20:33:29,906 INFO success: 4 entered RUNNING state, process has stayed up for > than 1 seconds (startsecs)
2020-05-11 20:33:29,906 INFO success: 5 entered RUNNING state, process has stayed up for > than 1 seconds (startsecs)
2020-05-11 20:33:29,906 INFO success: 6 entered RUNNING state, process has stayed up for > than 1 seconds (startsecs)
2020-05-11 20:33:29,906 INFO success: 7 entered RUNNING state, process has stayed up for > than 1 seconds (startsecs)
2020-05-11 20:33:29,906 INFO success: 8 entered RUNNING state, process has stayed up for > than 1 seconds (startsecs)
2020-05-11 20:33:29,906 INFO success: 9 entered RUNNING state, process has stayed up for > than 1 seconds (startsecs)
2020-05-11 20:34:02,663 INFO exited: 2 (exit status 0; expected)
2020-05-11 21:13:26,766 INFO exited: 7 (exit status 0; expected)
2020-05-11 21:15:50,293 INFO exited: 3 (exit status 0; expected)
2020-05-12 00:10:55,060 INFO daemonizing the supervisord process
2020-05-12 00:10:55,372 INFO supervisord started with pid 6448
2020-05-12 00:10:56,375 INFO spawned: '0' with pid 6461
2020-05-12 00:10:56,377 INFO spawned: '1' with pid 6462
2020-05-12 00:10:56,379 INFO spawned: '2' with pid 6463
2020-05-12 00:10:56,381 INFO spawned: '3' with pid 6464
2020-05-12 00:10:56,383 INFO spawned: '4' with pid 6465
2020-05-12 00:10:56,386 INFO spawned: '5' with pid 6466
2020-05-12 00:10:56,389 INFO spawned: '6' with pid 6467
2020-05-12 00:10:56,391 INFO spawned: '7' with pid 6468
2020-05-12 00:10:56,393 INFO spawned: '8' with pid 6469
2020-05-12 00:10:56,395 INFO spawned: '9' with pid 6470
2020-05-12 00:10:57,397 INFO success: 0 entered RUNNING state, process has stayed up for > than 1 seconds (startsecs)
2020-05-12 00:10:57,397 INFO success: 1 entered RUNNING state, process has stayed up for > than 1 seconds (startsecs)
2020-05-12 00:10:57,397 INFO success: 2 entered RUNNING state, process has stayed up for > than 1 seconds (startsecs)
2020-05-12 00:10:57,397 INFO success: 3 entered RUNNING state, process has stayed up for > than 1 seconds (startsecs)
2020-05-12 00:10:57,397 INFO success: 4 entered RUNNING state, process has stayed up for > than 1 seconds (startsecs)
2020-05-12 00:10:57,397 INFO success: 5 entered RUNNING state, process has stayed up for > than 1 seconds (startsecs)
2020-05-12 00:10:57,397 INFO success: 6 entered RUNNING state, process has stayed up for > than 1 seconds (startsecs)
2020-05-12 00:10:57,397 INFO success: 7 entered RUNNING state, process has stayed up for > than 1 seconds (startsecs)
2020-05-12 00:10:57,397 INFO success: 8 entered RUNNING state, process has stayed up for > than 1 seconds (startsecs)
2020-05-12 00:10:57,397 INFO success: 9 entered RUNNING state, process has stayed up for > than 1 seconds (startsecs)
2020-05-12 01:01:21,004 INFO exited: 0 (exit status 0; expected)
2020-05-12 01:16:06,322 INFO exited: 1 (exit status 0; expected)
2020-05-12 01:16:07,972 INFO exited: 4 (exit status 0; expected)
2020-05-12 01:16:11,596 INFO exited: 3 (exit status 0; expected)
2020-05-12 01:16:13,818 INFO exited: 8 (exit status 0; expected)
2020-05-12 01:16:18,994 INFO exited: 9 (exit status 0; expected)
2020-05-12 01:16:22,829 INFO exited: 5 (exit status 0; expected)
2020-05-12 01:16:25,762 INFO exited: 7 (exit status 0; expected)
2020-05-12 01:16:29,694 INFO exited: 2 (exit status 0; expected)
2020-05-12 01:16:31,987 INFO exited: 6 (exit status 0; expected)
2020-05-12 17:06:30,818 INFO daemonizing the supervisord process
2020-05-12 17:06:30,827 INFO supervisord started with pid 21840
2020-05-12 17:06:31,829 INFO spawned: '0' with pid 21859
2020-05-12 17:06:31,831 INFO spawned: '1' with pid 21860
2020-05-12 17:06:31,834 INFO spawned: '2' with pid 21861
2020-05-12 17:06:31,836 INFO spawned: '3' with pid 21862
2020-05-12 17:06:31,840 INFO spawned: '4' with pid 21863
2020-05-12 17:06:31,843 INFO spawned: '5' with pid 21864
2020-05-12 17:06:31,847 INFO spawned: '6' with pid 21865
2020-05-12 17:06:31,849 INFO spawned: '7' with pid 21866
2020-05-12 17:06:31,852 INFO spawned: '8' with pid 21867
2020-05-12 17:06:31,866 INFO spawned: '9' with pid 21868
2020-05-12 17:06:32,845 INFO success: 0 entered RUNNING state, process has stayed up for > than 1 seconds (startsecs)
2020-05-12 17:06:32,845 INFO success: 1 entered RUNNING state, process has stayed up for > than 1 seconds (startsecs)
2020-05-12 17:06:32,845 INFO success: 2 entered RUNNING state, process has stayed up for > than 1 seconds (startsecs)
2020-05-12 17:06:32,845 INFO success: 3 entered RUNNING state, process has stayed up for > than 1 seconds (startsecs)
2020-05-12 17:06:32,845 INFO success: 4 entered RUNNING state, process has stayed up for > than 1 seconds (startsecs)
2020-05-12 17:06:32,845 INFO success: 5 entered RUNNING state, process has stayed up for > than 1 seconds (startsecs)
2020-05-12 17:06:32,845 INFO success: 6 entered RUNNING state, process has stayed up for > than 1 seconds (startsecs)
2020-05-12 17:06:32,848 INFO success: 7 entered RUNNING state, process has stayed up for > than 1 seconds (startsecs)
2020-05-12 17:06:32,852 INFO success: 8 entered RUNNING state, process has stayed up for > than 1 seconds (startsecs)
2020-05-12 17:06:32,853 INFO success: 9 entered RUNNING state, process has stayed up for > than 1 seconds (startsecs)
2020-05-12 21:11:47,132 INFO daemonizing the supervisord process
2020-05-12 21:11:47,143 INFO supervisord started with pid 18856
2020-05-12 21:11:48,148 INFO spawned: '0' with pid 18869
2020-05-12 21:11:48,152 INFO spawned: '1' with pid 18870
2020-05-12 21:11:48,156 INFO spawned: '2' with pid 18871
2020-05-12 21:11:48,158 INFO spawned: '3' with pid 18872
2020-05-12 21:11:48,160 INFO spawned: '4' with pid 18873
2020-05-12 21:11:48,162 INFO spawned: '5' with pid 18874
2020-05-12 21:11:48,165 INFO spawned: '6' with pid 18875
2020-05-12 21:11:48,167 INFO spawned: '7' with pid 18876
2020-05-12 21:11:48,168 INFO spawned: '8' with pid 18877
2020-05-12 21:11:48,170 INFO spawned: '9' with pid 18878
2020-05-12 21:11:49,172 INFO success: 0 entered RUNNING state, process has stayed up for > than 1 seconds (startsecs)
2020-05-12 21:11:49,172 INFO success: 1 entered RUNNING state, process has stayed up for > than 1 seconds (startsecs)
2020-05-12 21:11:49,172 INFO success: 2 entered RUNNING state, process has stayed up for > than 1 seconds (startsecs)
2020-05-12 21:11:49,172 INFO success: 3 entered RUNNING state, process has stayed up for > than 1 seconds (startsecs)
2020-05-12 21:11:49,172 INFO success: 4 entered RUNNING state, process has stayed up for > than 1 seconds (startsecs)
2020-05-12 21:11:49,172 INFO success: 5 entered RUNNING state, process has stayed up for > than 1 seconds (startsecs)
2020-05-12 21:11:49,172 INFO success: 6 entered RUNNING state, process has stayed up for > than 1 seconds (startsecs)
2020-05-12 21:11:49,172 INFO success: 7 entered RUNNING state, process has stayed up for > than 1 seconds (startsecs)
2020-05-12 21:11:49,172 INFO success: 8 entered RUNNING state, process has stayed up for > than 1 seconds (startsecs)
2020-05-12 21:11:49,172 INFO success: 9 entered RUNNING state, process has stayed up for > than 1 seconds (startsecs)
2020-05-12 23:05:58,799 INFO daemonizing the supervisord process
2020-05-12 23:05:58,829 INFO supervisord started with pid 8418
2020-05-12 23:05:59,832 INFO spawned: '0' with pid 8432
2020-05-12 23:05:59,834 INFO spawned: '1' with pid 8433
2020-05-12 23:05:59,848 INFO spawned: '2' with pid 8434
2020-05-12 23:05:59,850 INFO spawned: '3' with pid 8435
2020-05-12 23:05:59,852 INFO spawned: '4' with pid 8436
2020-05-12 23:05:59,855 INFO spawned: '5' with pid 8437
2020-05-12 23:05:59,857 INFO spawned: '6' with pid 8438
2020-05-12 23:05:59,859 INFO spawned: '7' with pid 8439
2020-05-12 23:05:59,861 INFO spawned: '8' with pid 8440
2020-05-12 23:05:59,864 INFO spawned: '9' with pid 8441
2020-05-12 23:06:00,865 INFO success: 0 entered RUNNING state, process has stayed up for > than 1 seconds (startsecs)
2020-05-12 23:06:00,866 INFO success: 1 entered RUNNING state, process has stayed up for > than 1 seconds (startsecs)
2020-05-12 23:06:00,866 INFO success: 2 entered RUNNING state, process has stayed up for > than 1 seconds (startsecs)
2020-05-12 23:06:00,866 INFO success: 3 entered RUNNING state, process has stayed up for > than 1 seconds (startsecs)
2020-05-12 23:06:00,866 INFO success: 4 entered RUNNING state, process has stayed up for > than 1 seconds (startsecs)
2020-05-12 23:06:00,866 INFO success: 5 entered RUNNING state, process has stayed up for > than 1 seconds (startsecs)
2020-05-12 23:06:00,866 INFO success: 6 entered RUNNING state, process has stayed up for > than 1 seconds (startsecs)
2020-05-12 23:06:00,866 INFO success: 7 entered RUNNING state, process has stayed up for > than 1 seconds (startsecs)
2020-05-12 23:06:00,866 INFO success: 8 entered RUNNING state, process has stayed up for > than 1 seconds (startsecs)
2020-05-12 23:06:00,866 INFO success: 9 entered RUNNING state, process has stayed up for > than 1 seconds (startsecs)
2020-05-15 09:45:26,399 INFO daemonizing the supervisord process
2020-05-15 09:45:26,426 INFO supervisord started with pid 8607
2020-05-15 09:45:27,429 INFO spawned: '0' with pid 8620
2020-05-15 09:45:27,432 INFO spawned: '1' with pid 8621
2020-05-15 09:45:27,435 INFO spawned: '2' with pid 8622
2020-05-15 09:45:27,437 INFO spawned: '3' with pid 8623
2020-05-15 09:45:27,439 INFO spawned: '4' with pid 8624
2020-05-15 09:45:27,442 INFO spawned: '5' with pid 8625
2020-05-15 09:45:27,444 INFO spawned: '6' with pid 8626
2020-05-15 09:45:27,446 INFO spawned: '7' with pid 8627
2020-05-15 09:45:27,450 INFO spawned: '8' with pid 8628
2020-05-15 09:45:27,453 INFO spawned: '9' with pid 8629
2020-05-15 09:45:28,454 INFO success: 0 entered RUNNING state, process has stayed up for > than 1 seconds (startsecs)
2020-05-15 09:45:28,454 INFO success: 1 entered RUNNING state, process has stayed up for > than 1 seconds (startsecs)
2020-05-15 09:45:28,454 INFO success: 2 entered RUNNING state, process has stayed up for > than 1 seconds (startsecs)
2020-05-15 09:45:28,454 INFO success: 3 entered RUNNING state, process has stayed up for > than 1 seconds (startsecs)
2020-05-15 09:45:28,455 INFO success: 4 entered RUNNING state, process has stayed up for > than 1 seconds (startsecs)
2020-05-15 09:45:28,455 INFO success: 5 entered RUNNING state, process has stayed up for > than 1 seconds (startsecs)
2020-05-15 09:45:28,455 INFO success: 6 entered RUNNING state, process has stayed up for > than 1 seconds (startsecs)
2020-05-15 09:45:28,455 INFO success: 7 entered RUNNING state, process has stayed up for > than 1 seconds (startsecs)
2020-05-15 09:45:28,455 INFO success: 8 entered RUNNING state, process has stayed up for > than 1 seconds (startsecs)
2020-05-15 09:45:28,455 INFO success: 9 entered RUNNING state, process has stayed up for > than 1 seconds (startsecs)
2020-05-15 09:46:32,258 INFO exited: 5 (exit status 0; expected)
2020-05-15 09:50:17,271 INFO exited: 3 (exit status 0; expected)
2020-05-15 21:00:41,540 INFO daemonizing the supervisord process
2020-05-15 21:00:41,557 INFO supervisord started with pid 18347
2020-05-15 21:00:42,561 INFO spawned: '0' with pid 18369
2020-05-15 21:00:42,564 INFO spawned: '1' with pid 18370
2020-05-15 21:00:42,568 INFO spawned: '2' with pid 18371
2020-05-15 21:00:42,572 INFO spawned: '3' with pid 18372
2020-05-15 21:00:42,574 INFO spawned: '4' with pid 18373
2020-05-15 21:00:42,577 INFO spawned: '5' with pid 18374
2020-05-15 21:00:42,579 INFO spawned: '6' with pid 18375
2020-05-15 21:00:42,581 INFO spawned: '7' with pid 18376
2020-05-15 21:00:42,583 INFO spawned: '8' with pid 18377
2020-05-15 21:00:42,585 INFO spawned: '9' with pid 18378
2020-05-15 21:00:44,412 INFO success: 0 entered RUNNING state, process has stayed up for > than 1 seconds (startsecs)
2020-05-15 21:00:44,412 INFO success: 1 entered RUNNING state, process has stayed up for > than 1 seconds (startsecs)
2020-05-15 21:00:44,412 INFO success: 2 entered RUNNING state, process has stayed up for > than 1 seconds (startsecs)
2020-05-15 21:00:44,412 INFO success: 3 entered RUNNING state, process has stayed up for > than 1 seconds (startsecs)
2020-05-15 21:00:44,412 INFO success: 4 entered RUNNING state, process has stayed up for > than 1 seconds (startsecs)
2020-05-15 21:00:44,412 INFO success: 5 entered RUNNING state, process has stayed up for > than 1 seconds (startsecs)
2020-05-15 21:00:44,412 INFO success: 6 entered RUNNING state, process has stayed up for > than 1 seconds (startsecs)
2020-05-15 21:00:44,412 INFO success: 7 entered RUNNING state, process has stayed up for > than 1 seconds (startsecs)
2020-05-15 21:00:44,412 INFO success: 8 entered RUNNING state, process has stayed up for > than 1 seconds (startsecs)
2020-05-15 21:00:44,412 INFO success: 9 entered RUNNING state, process has stayed up for > than 1 seconds (startsecs)
2020-05-15 23:13:34,408 INFO exited: 1 (exit status 0; expected)
2020-05-15 23:17:15,200 INFO exited: 3 (exit status 0; expected)
2020-05-15 23:17:35,800 INFO exited: 6 (exit status 0; expected)
2020-05-15 23:18:08,943 INFO exited: 9 (exit status 0; expected)
2020-05-15 23:22:33,822 INFO exited: 2 (exit status 0; expected)
2020-05-15 23:23:58,528 INFO exited: 5 (exit status 0; expected)
2020-05-15 23:26:15,541 INFO exited: 0 (exit status 0; expected)
2020-05-15 23:26:32,970 INFO exited: 8 (exit status 0; expected)
2020-05-15 23:26:55,085 INFO exited: 4 (exit status 0; expected)
2020-05-15 23:29:52,570 INFO exited: 7 (exit status 0; expected)
2020-05-15 23:30:06,339 INFO daemonizing the supervisord process
2020-05-15 23:30:06,342 INFO supervisord started with pid 26865
2020-05-15 23:30:07,348 INFO spawned: '0' with pid 26911
2020-05-15 23:30:07,351 INFO spawned: '1' with pid 26912
2020-05-15 23:30:07,355 INFO spawned: '2' with pid 26913
2020-05-15 23:30:07,357 INFO spawned: '3' with pid 26914
2020-05-15 23:30:07,362 INFO spawned: '4' with pid 26915
2020-05-15 23:30:07,365 INFO spawned: '5' with pid 26916
2020-05-15 23:30:07,367 INFO spawned: '6' with pid 26917
2020-05-15 23:30:07,370 INFO spawned: '7' with pid 26918
2020-05-15 23:30:07,373 INFO spawned: '8' with pid 26919
2020-05-15 23:30:07,381 INFO spawned: '9' with pid 26920
2020-05-15 23:30:08,346 INFO success: 0 entered RUNNING state, process has stayed up for > than 1 seconds (startsecs)
2020-05-15 23:30:08,354 INFO success: 1 entered RUNNING state, process has stayed up for > than 1 seconds (startsecs)
2020-05-15 23:30:08,354 INFO success: 2 entered RUNNING state, process has stayed up for > than 1 seconds (startsecs)
2020-05-15 23:30:08,356 INFO success: 3 entered RUNNING state, process has stayed up for > than 1 seconds (startsecs)
2020-05-15 23:30:09,359 INFO success: 4 entered RUNNING state, process has stayed up for > than 1 seconds (startsecs)
2020-05-15 23:30:09,359 INFO success: 5 entered RUNNING state, process has stayed up for > than 1 seconds (startsecs)
2020-05-15 23:30:09,359 INFO success: 6 entered RUNNING state, process has stayed up for > than 1 seconds (startsecs)
2020-05-15 23:30:09,359 INFO success: 7 entered RUNNING state, process has stayed up for > than 1 seconds (startsecs)
2020-05-15 23:30:09,359 INFO success: 8 entered RUNNING state, process has stayed up for > than 1 seconds (startsecs)
2020-05-15 23:30:09,359 INFO success: 9 entered RUNNING state, process has stayed up for > than 1 seconds (startsecs)
2020-05-15 23:30:16,539 INFO daemonizing the supervisord process
2020-05-15 23:30:16,540 INFO supervisord started with pid 26975
2020-05-15 23:30:17,546 INFO spawned: '0' with pid 27020
2020-05-15 23:30:17,549 INFO spawned: '1' with pid 27021
2020-05-15 23:30:17,553 INFO spawned: '2' with pid 27022
2020-05-15 23:30:17,555 INFO spawned: '3' with pid 27023
2020-05-15 23:30:17,558 INFO spawned: '4' with pid 27024
2020-05-15 23:30:17,561 INFO spawned: '5' with pid 27025
2020-05-15 23:30:17,564 INFO spawned: '6' with pid 27026
2020-05-15 23:30:17,566 INFO spawned: '7' with pid 27027
2020-05-15 23:30:17,568 INFO spawned: '8' with pid 27028
2020-05-15 23:30:17,571 INFO spawned: '9' with pid 27029
2020-05-15 23:30:19,235 INFO success: 0 entered RUNNING state, process has stayed up for > than 1 seconds (startsecs)
2020-05-15 23:30:19,235 INFO success: 1 entered RUNNING state, process has stayed up for > than 1 seconds (startsecs)
2020-05-15 23:30:19,235 INFO success: 2 entered RUNNING state, process has stayed up for > than 1 seconds (startsecs)
2020-05-15 23:30:19,235 INFO success: 3 entered RUNNING state, process has stayed up for > than 1 seconds (startsecs)
2020-05-15 23:30:19,235 INFO success: 4 entered RUNNING state, process has stayed up for > than 1 seconds (startsecs)
2020-05-15 23:30:19,235 INFO success: 5 entered RUNNING state, process has stayed up for > than 1 seconds (startsecs)
2020-05-15 23:30:19,235 INFO success: 6 entered RUNNING state, process has stayed up for > than 1 seconds (startsecs)
2020-05-15 23:30:19,235 INFO success: 7 entered RUNNING state, process has stayed up for > than 1 seconds (startsecs)
2020-05-15 23:30:19,235 INFO success: 8 entered RUNNING state, process has stayed up for > than 1 seconds (startsecs)
2020-05-15 23:30:19,235 INFO success: 9 entered RUNNING state, process has stayed up for > than 1 seconds (startsecs)
2020-05-15 23:32:53,986 INFO exited: 4 (exit status 0; expected)
2020-05-15 23:33:48,233 INFO exited: 8 (exit status 0; expected)
2020-05-15 23:34:05,293 INFO exited: 4 (exit status 0; expected)
2020-05-15 23:35:11,907 INFO exited: 0 (exit status 0; expected)
2020-05-15 23:38:05,293 INFO exited: 9 (exit status 0; expected)
2020-05-15 23:38:10,894 INFO exited: 1 (exit status 0; expected)
2020-05-15 23:40:00,645 INFO exited: 3 (exit status 0; expected)
2020-05-15 23:40:28,769 INFO exited: 6 (exit status 0; expected)
2020-05-15 23:41:10,129 INFO exited: 5 (exit status 0; expected)
2020-05-15 23:41:15,747 INFO exited: 7 (exit status 0; expected)
2020-05-15 23:41:34,013 INFO exited: 3 (exit status 0; expected)
2020-05-15 23:41:54,042 INFO exited: 5 (exit status 0; expected)
2020-05-15 23:42:08,042 INFO exited: 8 (exit status 0; expected)
2020-05-15 23:42:15,760 INFO exited: 2 (exit status 0; expected)
2020-05-15 23:43:03,969 INFO exited: 9 (exit status 0; expected)
2020-05-15 23:53:39,255 INFO exited: 2 (exit status 0; expected)
2020-05-15 23:54:21,001 INFO exited: 1 (exit status 0; expected)
2020-05-16 00:01:30,801 INFO exited: 0 (exit status 0; expected)
2020-05-16 00:02:39,424 INFO exited: 6 (exit status 0; expected)
2020-05-16 00:03:16,261 INFO daemonizing the supervisord process
2020-05-16 00:03:16,262 INFO supervisord started with pid 4024
2020-05-16 00:03:17,267 INFO spawned: '0' with pid 4037
2020-05-16 00:03:17,273 INFO spawned: '1' with pid 4038
2020-05-16 00:03:17,277 INFO spawned: '2' with pid 4039
2020-05-16 00:03:17,280 INFO spawned: '3' with pid 4040
2020-05-16 00:03:17,282 INFO spawned: '4' with pid 4041
2020-05-16 00:03:17,284 INFO spawned: '5' with pid 4042
2020-05-16 00:03:17,287 INFO spawned: '6' with pid 4043
2020-05-16 00:03:17,290 INFO spawned: '7' with pid 4044
2020-05-16 00:03:17,292 INFO spawned: '8' with pid 4045
2020-05-16 00:03:17,294 INFO spawned: '9' with pid 4046
2020-05-16 00:03:18,296 INFO success: 0 entered RUNNING state, process has stayed up for > than 1 seconds (startsecs)
2020-05-16 00:03:18,296 INFO success: 1 entered RUNNING state, process has stayed up for > than 1 seconds (startsecs)
2020-05-16 00:03:18,296 INFO success: 2 entered RUNNING state, process has stayed up for > than 1 seconds (startsecs)
2020-05-16 00:03:18,296 INFO success: 3 entered RUNNING state, process has stayed up for > than 1 seconds (startsecs)
2020-05-16 00:03:18,296 INFO success: 4 entered RUNNING state, process has stayed up for > than 1 seconds (startsecs)
2020-05-16 00:03:18,296 INFO success: 5 entered RUNNING state, process has stayed up for > than 1 seconds (startsecs)
2020-05-16 00:03:18,296 INFO success: 6 entered RUNNING state, process has stayed up for > than 1 seconds (startsecs)
2020-05-16 00:03:18,296 INFO success: 7 entered RUNNING state, process has stayed up for > than 1 seconds (startsecs)
2020-05-16 00:03:18,296 INFO success: 8 entered RUNNING state, process has stayed up for > than 1 seconds (startsecs)
2020-05-16 00:03:18,296 INFO success: 9 entered RUNNING state, process has stayed up for > than 1 seconds (startsecs)
2020-05-16 00:03:27,611 INFO exited: 7 (exit status 0; expected)
2020-05-16 00:06:12,707 INFO exited: 5 (exit status 0; expected)
2020-05-16 00:06:21,911 INFO exited: 3 (exit status 0; expected)
2020-05-16 00:06:30,156 INFO exited: 1 (exit status 0; expected)
2020-05-16 00:07:26,828 INFO exited: 8 (exit status 0; expected)
2020-05-16 00:07:36,955 INFO exited: 0 (exit status 0; expected)
2020-05-16 00:09:41,500 INFO exited: 2 (exit status 0; expected)
2020-05-16 00:10:25,644 INFO exited: 9 (exit status 0; expected)
2020-05-16 00:17:35,713 INFO exited: 6 (exit status 0; expected)
2020-05-16 00:24:23,308 INFO exited: 4 (exit status 0; expected)
2020-05-16 00:24:32,746 INFO exited: 7 (exit status 0; expected)
2020-05-16 00:25:51,501 INFO daemonizing the supervisord process
2020-05-16 00:25:51,502 INFO supervisord started with pid 9774
2020-05-16 00:25:52,506 INFO spawned: '0' with pid 9789
2020-05-16 00:25:52,508 INFO spawned: '1' with pid 9790
2020-05-16 00:25:52,511 INFO spawned: '2' with pid 9791
2020-05-16 00:25:52,515 INFO spawned: '3' with pid 9792
2020-05-16 00:25:52,518 INFO spawned: '4' with pid 9793
2020-05-16 00:25:52,530 INFO spawned: '5' with pid 9794
2020-05-16 00:25:52,543 INFO spawned: '6' with pid 9795
2020-05-16 00:25:52,549 INFO spawned: '7' with pid 9796
2020-05-16 00:25:52,572 INFO spawned: '8' with pid 9797
2020-05-16 00:25:52,580 INFO spawned: '9' with pid 9798
2020-05-16 00:25:54,411 INFO success: 0 entered RUNNING state, process has stayed up for > than 1 seconds (startsecs)
2020-05-16 00:25:54,411 INFO success: 1 entered RUNNING state, process has stayed up for > than 1 seconds (startsecs)
2020-05-16 00:25:54,411 INFO success: 2 entered RUNNING state, process has stayed up for > than 1 seconds (startsecs)
2020-05-16 00:25:54,411 INFO success: 3 entered RUNNING state, process has stayed up for > than 1 seconds (startsecs)
2020-05-16 00:25:54,411 INFO success: 4 entered RUNNING state, process has stayed up for > than 1 seconds (startsecs)
2020-05-16 00:25:54,411 INFO success: 5 entered RUNNING state, process has stayed up for > than 1 seconds (startsecs)
2020-05-16 00:25:54,411 INFO success: 6 entered RUNNING state, process has stayed up for > than 1 seconds (startsecs)
2020-05-16 00:25:54,411 INFO success: 7 entered RUNNING state, process has stayed up for > than 1 seconds (startsecs)
2020-05-16 00:25:54,411 INFO success: 8 entered RUNNING state, process has stayed up for > than 1 seconds (startsecs)
2020-05-16 00:25:54,412 INFO success: 9 entered RUNNING state, process has stayed up for > than 1 seconds (startsecs)
2020-05-16 00:26:02,181 INFO exited: 5 (exit status 0; expected)
2020-05-16 00:26:14,086 INFO exited: 0 (exit status 0; expected)
2020-05-16 00:26:22,634 INFO exited: 2 (exit status 0; expected)
2020-05-16 00:26:41,015 INFO exited: 4 (exit status 0; expected)
2020-05-16 00:28:32,056 INFO exited: 3 (exit status 0; expected)
2020-05-16 00:28:38,872 INFO exited: 9 (exit status 0; expected)
2020-05-16 00:28:43,513 INFO exited: 6 (exit status 0; expected)
2020-05-16 00:29:39,484 INFO exited: 8 (exit status 0; expected)
2020-05-16 00:30:07,828 INFO exited: 1 (exit status 0; expected)
2020-05-16 00:30:15,256 INFO exited: 7 (exit status 0; expected)
2020-05-16 00:31:32,027 INFO daemonizing the supervisord process
2020-05-16 00:31:32,028 INFO supervisord started with pid 11209
2020-05-16 00:31:33,031 INFO spawned: '0' with pid 11222
2020-05-16 00:31:33,035 INFO spawned: '1' with pid 11223
2020-05-16 00:31:33,039 INFO spawned: '2' with pid 11224
2020-05-16 00:31:33,042 INFO spawned: '3' with pid 11225
2020-05-16 00:31:33,045 INFO spawned: '4' with pid 11226
2020-05-16 00:31:33,048 INFO spawned: '5' with pid 11227
2020-05-16 00:31:33,053 INFO spawned: '6' with pid 11228
2020-05-16 00:31:33,057 INFO spawned: '7' with pid 11229
2020-05-16 00:31:33,062 INFO spawned: '8' with pid 11230
2020-05-16 00:31:33,069 INFO spawned: '9' with pid 11231
2020-05-16 00:31:34,936 INFO success: 0 entered RUNNING state, process has stayed up for > than 1 seconds (startsecs)
2020-05-16 00:31:34,936 INFO success: 1 entered RUNNING state, process has stayed up for > than 1 seconds (startsecs)
2020-05-16 00:31:34,936 INFO success: 2 entered RUNNING state, process has stayed up for > than 1 seconds (startsecs)
2020-05-16 00:31:34,937 INFO success: 3 entered RUNNING state, process has stayed up for > than 1 seconds (startsecs)
2020-05-16 00:31:34,937 INFO success: 4 entered RUNNING state, process has stayed up for > than 1 seconds (startsecs)
2020-05-16 00:31:34,937 INFO success: 5 entered RUNNING state, process has stayed up for > than 1 seconds (startsecs)
2020-05-16 00:31:34,937 INFO success: 6 entered RUNNING state, process has stayed up for > than 1 seconds (startsecs)
2020-05-16 00:31:34,937 INFO success: 7 entered RUNNING state, process has stayed up for > than 1 seconds (startsecs)
2020-05-16 00:31:34,938 INFO success: 8 entered RUNNING state, process has stayed up for > than 1 seconds (startsecs)
2020-05-16 00:31:34,938 INFO success: 9 entered RUNNING state, process has stayed up for > than 1 seconds (startsecs)
2020-05-16 00:31:43,002 INFO exited: 0 (exit status 0; expected)
2020-05-16 00:31:46,973 INFO exited: 3 (exit status 0; expected)
2020-05-16 00:31:53,560 INFO exited: 4 (exit status 0; expected)
2020-05-16 00:37:59,955 INFO exited: 6 (exit status 0; expected)
2020-05-16 00:39:30,905 INFO exited: 7 (exit status 0; expected)
2020-05-16 00:39:36,658 INFO exited: 5 (exit status 0; expected)
2020-05-16 00:40:04,740 INFO exited: 1 (exit status 0; expected)
2020-05-16 00:40:37,114 INFO exited: 8 (exit status 0; expected)
2020-05-16 00:41:49,670 INFO exited: 2 (exit status 0; expected)
2020-05-16 00:42:27,057 INFO daemonizing the supervisord process
2020-05-16 00:42:27,058 INFO supervisord started with pid 14032
2020-05-16 00:42:28,066 INFO spawned: '0' with pid 14054
2020-05-16 00:42:28,070 INFO spawned: '1' with pid 14055
2020-05-16 00:42:28,074 INFO spawned: '2' with pid 14056
2020-05-16 00:42:28,077 INFO spawned: '3' with pid 14057
2020-05-16 00:42:28,084 INFO spawned: '4' with pid 14058
2020-05-16 00:42:28,086 INFO spawned: '5' with pid 14059
2020-05-16 00:42:28,094 INFO spawned: '6' with pid 14060
2020-05-16 00:42:28,107 INFO spawned: '7' with pid 14061
2020-05-16 00:42:28,120 INFO spawned: '8' with pid 14062
2020-05-16 00:42:28,137 INFO spawned: '9' with pid 14063
2020-05-16 00:42:29,060 INFO success: 0 entered RUNNING state, process has stayed up for > than 1 seconds (startsecs)
2020-05-16 00:42:29,073 INFO success: 1 entered RUNNING state, process has stayed up for > than 1 seconds (startsecs)
2020-05-16 00:42:29,073 INFO success: 2 entered RUNNING state, process has stayed up for > than 1 seconds (startsecs)
2020-05-16 00:42:29,074 INFO success: 3 entered RUNNING state, process has stayed up for > than 1 seconds (startsecs)
2020-05-16 00:42:29,085 INFO success: 4 entered RUNNING state, process has stayed up for > than 1 seconds (startsecs)
2020-05-16 00:42:29,085 INFO success: 5 entered RUNNING state, process has stayed up for > than 1 seconds (startsecs)
2020-05-16 00:42:29,092 INFO success: 6 entered RUNNING state, process has stayed up for > than 1 seconds (startsecs)
2020-05-16 00:42:29,096 INFO success: 7 entered RUNNING state, process has stayed up for > than 1 seconds (startsecs)
2020-05-16 00:42:29,108 INFO success: 8 entered RUNNING state, process has stayed up for > than 1 seconds (startsecs)
2020-05-16 00:42:30,116 INFO success: 9 entered RUNNING state, process has stayed up for > than 1 seconds (startsecs)
2020-05-16 00:42:32,082 INFO exited: 0 (exit status 0; expected)
2020-05-16 00:45:07,415 INFO exited: 7 (exit status 0; expected)
2020-05-16 00:45:12,920 INFO exited: 5 (exit status 0; expected)
2020-05-16 00:45:16,980 INFO exited: 9 (exit status 0; expected)
2020-05-16 00:45:27,866 INFO exited: 1 (exit status 0; expected)
2020-05-16 00:46:07,621 INFO exited: 2 (exit status 0; expected)
2020-05-16 00:46:13,431 INFO exited: 3 (exit status 0; expected)
2020-05-16 00:46:16,818 INFO exited: 4 (exit status 0; expected)
2020-05-16 00:46:27,838 INFO exited: 6 (exit status 0; expected)
2020-05-16 00:46:32,058 INFO exited: 8 (exit status 0; expected)
2020-05-16 00:50:01,394 INFO exited: 9 (exit status 0; expected)
2020-05-16 00:50:11,549 INFO daemonizing the supervisord process
2020-05-16 00:50:11,550 INFO supervisord started with pid 16282
2020-05-16 00:50:12,554 INFO spawned: '0' with pid 16296
2020-05-16 00:50:12,556 INFO spawned: '1' with pid 16297
2020-05-16 00:50:12,560 INFO spawned: '2' with pid 16298
2020-05-16 00:50:12,564 INFO spawned: '3' with pid 16299
2020-05-16 00:50:12,568 INFO spawned: '4' with pid 16300
2020-05-16 00:50:12,584 INFO spawned: '5' with pid 16301
2020-05-16 00:50:12,587 INFO spawned: '6' with pid 16302
2020-05-16 00:50:12,590 INFO spawned: '7' with pid 16303
2020-05-16 00:50:12,609 INFO spawned: '8' with pid 16304
2020-05-16 00:50:12,611 INFO spawned: '9' with pid 16305
2020-05-16 00:50:13,572 INFO success: 0 entered RUNNING state, process has stayed up for > than 1 seconds (startsecs)
2020-05-16 00:50:13,572 INFO success: 1 entered RUNNING state, process has stayed up for > than 1 seconds (startsecs)
2020-05-16 00:50:13,572 INFO success: 2 entered RUNNING state, process has stayed up for > than 1 seconds (startsecs)
2020-05-16 00:50:13,573 INFO success: 3 entered RUNNING state, process has stayed up for > than 1 seconds (startsecs)
2020-05-16 00:50:13,573 INFO success: 4 entered RUNNING state, process has stayed up for > than 1 seconds (startsecs)
2020-05-16 00:50:13,573 INFO success: 5 entered RUNNING state, process has stayed up for > than 1 seconds (startsecs)
2020-05-16 00:50:13,610 INFO success: 6 entered RUNNING state, process has stayed up for > than 1 seconds (startsecs)
2020-05-16 00:50:13,611 INFO success: 7 entered RUNNING state, process has stayed up for > than 1 seconds (startsecs)
2020-05-16 00:50:13,611 INFO success: 8 entered RUNNING state, process has stayed up for > than 1 seconds (startsecs)
2020-05-16 00:50:13,611 INFO success: 9 entered RUNNING state, process has stayed up for > than 1 seconds (startsecs)
2020-05-16 00:50:16,485 INFO exited: 4 (exit status 0; expected)
2020-05-16 00:50:56,353 INFO exited: 8 (exit status 0; expected)
2020-05-16 00:51:43,142 INFO exited: 6 (exit status 0; expected)
2020-05-16 00:51:47,242 INFO exited: 9 (exit status 0; expected)
2020-05-16 00:51:51,601 INFO exited: 3 (exit status 0; expected)
2020-05-16 00:51:57,640 INFO exited: 0 (exit status 0; expected)
2020-05-16 01:04:53,697 INFO exited: 7 (exit status 0; expected)
2020-05-16 01:27:21,784 INFO exited: 1 (exit status 0; expected)
2020-05-16 16:17:38,813 INFO daemonizing the supervisord process
2020-05-16 16:17:38,814 INFO supervisord started with pid 7960
2020-05-16 16:17:39,817 INFO spawned: '0' with pid 7974
2020-05-16 16:17:39,819 INFO spawned: '1' with pid 7975
2020-05-16 16:17:39,821 INFO spawned: '2' with pid 7976
2020-05-16 16:17:39,824 INFO spawned: '3' with pid 7977
2020-05-16 16:17:39,827 INFO spawned: '4' with pid 7978
2020-05-16 16:17:39,830 INFO spawned: '5' with pid 7979
2020-05-16 16:17:39,832 INFO spawned: '6' with pid 7980
2020-05-16 16:17:39,835 INFO spawned: '7' with pid 7981
2020-05-16 16:17:39,837 INFO spawned: '8' with pid 7982
2020-05-16 16:17:39,840 INFO spawned: '9' with pid 7983
2020-05-16 16:17:40,766 INFO daemonizing the supervisord process
2020-05-16 16:17:40,767 INFO supervisord started with pid 8000
2020-05-16 16:17:41,674 INFO success: 0 entered RUNNING state, process has stayed up for > than 1 seconds (startsecs)
2020-05-16 16:17:41,676 INFO success: 1 entered RUNNING state, process has stayed up for > than 1 seconds (startsecs)
2020-05-16 16:17:41,676 INFO success: 2 entered RUNNING state, process has stayed up for > than 1 seconds (startsecs)
2020-05-16 16:17:41,676 INFO success: 3 entered RUNNING state, process has stayed up for > than 1 seconds (startsecs)
2020-05-16 16:17:41,676 INFO success: 4 entered RUNNING state, process has stayed up for > than 1 seconds (startsecs)
2020-05-16 16:17:41,676 INFO success: 5 entered RUNNING state, process has stayed up for > than 1 seconds (startsecs)
2020-05-16 16:17:41,676 INFO success: 6 entered RUNNING state, process has stayed up for > than 1 seconds (startsecs)
2020-05-16 16:17:41,676 INFO success: 7 entered RUNNING state, process has stayed up for > than 1 seconds (startsecs)
2020-05-16 16:17:41,676 INFO success: 8 entered RUNNING state, process has stayed up for > than 1 seconds (startsecs)
2020-05-16 16:17:41,676 INFO success: 9 entered RUNNING state, process has stayed up for > than 1 seconds (startsecs)
2020-05-16 16:17:41,770 INFO spawned: '0' with pid 8013
2020-05-16 16:17:41,772 INFO spawned: '1' with pid 8014
2020-05-16 16:17:41,777 INFO spawned: '2' with pid 8015
2020-05-16 16:17:41,780 INFO spawned: '3' with pid 8016
2020-05-16 16:17:41,792 INFO spawned: '4' with pid 8017
2020-05-16 16:17:41,801 INFO spawned: '5' with pid 8018
2020-05-16 16:17:41,803 INFO spawned: '6' with pid 8019
2020-05-16 16:17:41,829 INFO spawned: '7' with pid 8020
2020-05-16 16:17:41,832 INFO spawned: '8' with pid 8021
2020-05-16 16:17:41,834 INFO spawned: '9' with pid 8022
2020-05-16 16:17:43,730 INFO success: 0 entered RUNNING state, process has stayed up for > than 1 seconds (startsecs)
2020-05-16 16:17:43,730 INFO success: 1 entered RUNNING state, process has stayed up for > than 1 seconds (startsecs)
2020-05-16 16:17:43,730 INFO success: 2 entered RUNNING state, process has stayed up for > than 1 seconds (startsecs)
2020-05-16 16:17:43,730 INFO success: 3 entered RUNNING state, process has stayed up for > than 1 seconds (startsecs)
2020-05-16 16:17:43,730 INFO success: 4 entered RUNNING state, process has stayed up for > than 1 seconds (startsecs)
2020-05-16 16:17:43,730 INFO success: 5 entered RUNNING state, process has stayed up for > than 1 seconds (startsecs)
2020-05-16 16:17:43,730 INFO success: 6 entered RUNNING state, process has stayed up for > than 1 seconds (startsecs)
2020-05-16 16:17:43,730 INFO success: 7 entered RUNNING state, process has stayed up for > than 1 seconds (startsecs)
2020-05-16 16:17:43,730 INFO success: 8 entered RUNNING state, process has stayed up for > than 1 seconds (startsecs)
2020-05-16 16:17:43,730 INFO success: 9 entered RUNNING state, process has stayed up for > than 1 seconds (startsecs)
2020-05-16 16:18:56,736 INFO exited: 2 (exit status 0; expected)
2020-05-16 16:19:10,540 INFO exited: 2 (exit status 0; expected)
2020-05-16 16:19:15,828 INFO exited: 3 (exit status 0; expected)
2020-05-16 16:23:16,436 INFO exited: 1 (exit status 0; expected)
2020-05-17 15:58:40,545 INFO daemonizing the supervisord process
2020-05-17 15:58:40,578 INFO supervisord started with pid 8540
2020-05-17 15:58:41,582 INFO spawned: '0' with pid 8592
2020-05-17 15:58:41,585 INFO spawned: '1' with pid 8593
2020-05-17 15:58:41,590 INFO spawned: '2' with pid 8594
2020-05-17 15:58:41,593 INFO spawned: '3' with pid 8595
2020-05-17 15:58:41,595 INFO spawned: '4' with pid 8596
2020-05-17 15:58:41,599 INFO spawned: '5' with pid 8597
2020-05-17 15:58:41,615 INFO spawned: '6' with pid 8598
2020-05-17 15:58:41,617 INFO spawned: '7' with pid 8599
2020-05-17 15:58:41,627 INFO spawned: '8' with pid 8600
2020-05-17 15:58:41,630 INFO spawned: '9' with pid 8601
2020-05-17 15:58:43,483 INFO success: 0 entered RUNNING state, process has stayed up for > than 1 seconds (startsecs)
2020-05-17 15:58:43,483 INFO success: 1 entered RUNNING state, process has stayed up for > than 1 seconds (startsecs)
2020-05-17 15:58:43,483 INFO success: 2 entered RUNNING state, process has stayed up for > than 1 seconds (startsecs)
2020-05-17 15:58:43,483 INFO success: 3 entered RUNNING state, process has stayed up for > than 1 seconds (startsecs)
2020-05-17 15:58:43,483 INFO success: 4 entered RUNNING state, process has stayed up for > than 1 seconds (startsecs)
2020-05-17 15:58:43,484 INFO success: 5 entered RUNNING state, process has stayed up for > than 1 seconds (startsecs)
2020-05-17 15:58:43,484 INFO success: 6 entered RUNNING state, process has stayed up for > than 1 seconds (startsecs)
2020-05-17 15:58:43,484 INFO success: 7 entered RUNNING state, process has stayed up for > than 1 seconds (startsecs)
2020-05-17 15:58:43,484 INFO success: 8 entered RUNNING state, process has stayed up for > than 1 seconds (startsecs)
2020-05-17 15:58:43,484 INFO success: 9 entered RUNNING state, process has stayed up for > than 1 seconds (startsecs)
2020-05-17 16:00:17,187 INFO exited: 8 (exit status 0; expected)
2020-05-17 20:59:41,356 INFO exited: 5 (exit status 0; expected)
