2020-05-06 23:10:51,807 INFO daemonizing the supervisord process
2020-05-06 23:10:51,809 INFO supervisord started with pid 27823
2020-05-06 23:10:52,814 INFO spawned: '0' with pid 27832
2020-05-06 23:10:52,819 INFO spawned: '1' with pid 27833
2020-05-06 23:10:52,822 INFO spawned: '2' with pid 27834
2020-05-06 23:10:52,825 INFO spawned: '3' with pid 27835
2020-05-06 23:10:52,827 INFO spawned: '4' with pid 27836
2020-05-06 23:10:52,829 INFO spawned: '5' with pid 27837
2020-05-06 23:10:52,831 INFO spawned: '6' with pid 27838
2020-05-06 23:10:52,833 INFO spawned: '7' with pid 27839
2020-05-06 23:10:52,834 INFO spawned: '8' with pid 27840
2020-05-06 23:10:52,836 INFO spawned: '9' with pid 27841
2020-05-06 23:10:53,837 INFO success: 0 entered RUNNING state, process has stayed up for > than 1 seconds (startsecs)
2020-05-06 23:10:53,837 INFO success: 1 entered RUNNING state, process has stayed up for > than 1 seconds (startsecs)
2020-05-06 23:10:53,837 INFO success: 2 entered RUNNING state, process has stayed up for > than 1 seconds (startsecs)
2020-05-06 23:10:53,837 INFO success: 3 entered RUNNING state, process has stayed up for > than 1 seconds (startsecs)
2020-05-06 23:10:53,837 INFO success: 4 entered RUNNING state, process has stayed up for > than 1 seconds (startsecs)
2020-05-06 23:10:53,838 INFO success: 5 entered RUNNING state, process has stayed up for > than 1 seconds (startsecs)
2020-05-06 23:10:53,838 INFO success: 6 entered RUNNING state, process has stayed up for > than 1 seconds (startsecs)
2020-05-06 23:10:53,838 INFO success: 7 entered RUNNING state, process has stayed up for > than 1 seconds (startsecs)
2020-05-06 23:10:53,838 INFO success: 8 entered RUNNING state, process has stayed up for > than 1 seconds (startsecs)
2020-05-06 23:10:53,838 INFO success: 9 entered RUNNING state, process has stayed up for > than 1 seconds (startsecs)
2020-05-06 23:42:01,300 INFO exited: 7 (exit status 0; expected)
2020-05-06 23:54:34,345 INFO exited: 2 (exit status 0; expected)
2020-05-06 23:57:27,668 INFO exited: 9 (exit status 0; expected)
2020-05-07 00:09:43,472 INFO exited: 1 (exit status 0; expected)
2020-05-07 00:11:01,914 INFO exited: 3 (terminated by SIGINT; not expected)
2020-05-07 00:11:02,917 INFO spawned: '3' with pid 11345
2020-05-07 00:11:03,919 INFO success: 3 entered RUNNING state, process has stayed up for > than 1 seconds (startsecs)
2020-05-07 00:15:39,627 INFO exited: 5 (exit status 0; expected)
2020-05-07 00:15:44,922 INFO exited: 3 (exit status 0; expected)
2020-05-07 00:15:52,222 INFO exited: 6 (exit status 0; expected)
2020-05-07 00:15:54,787 INFO exited: 8 (exit status 0; expected)
2020-05-07 00:16:02,216 INFO exited: 0 (terminated by SIGINT; not expected)
2020-05-07 00:16:03,219 INFO spawned: '0' with pid 12555
2020-05-07 00:16:04,433 INFO success: 0 entered RUNNING state, process has stayed up for > than 1 seconds (startsecs)
2020-05-07 00:18:12,452 INFO exited: 0 (exit status 0; expected)
2020-05-07 00:18:15,493 INFO exited: 4 (exit status 0; expected)
2020-05-07 00:30:17,827 INFO daemonizing the supervisord process
2020-05-07 00:30:17,828 INFO supervisord started with pid 16262
2020-05-07 00:30:18,832 INFO spawned: '0' with pid 16271
2020-05-07 00:30:18,837 INFO spawned: '1' with pid 16272
2020-05-07 00:30:18,840 INFO spawned: '2' with pid 16273
2020-05-07 00:30:18,842 INFO spawned: '3' with pid 16274
2020-05-07 00:30:18,844 INFO spawned: '4' with pid 16275
2020-05-07 00:30:18,847 INFO spawned: '5' with pid 16276
2020-05-07 00:30:18,851 INFO spawned: '6' with pid 16277
2020-05-07 00:30:18,855 INFO spawned: '7' with pid 16278
2020-05-07 00:30:18,857 INFO spawned: '8' with pid 16279
2020-05-07 00:30:18,859 INFO spawned: '9' with pid 16280
2020-05-07 00:30:20,607 INFO success: 0 entered RUNNING state, process has stayed up for > than 1 seconds (startsecs)
2020-05-07 00:30:20,607 INFO success: 1 entered RUNNING state, process has stayed up for > than 1 seconds (startsecs)
2020-05-07 00:30:20,607 INFO success: 2 entered RUNNING state, process has stayed up for > than 1 seconds (startsecs)
2020-05-07 00:30:20,608 INFO success: 3 entered RUNNING state, process has stayed up for > than 1 seconds (startsecs)
2020-05-07 00:30:20,608 INFO success: 4 entered RUNNING state, process has stayed up for > than 1 seconds (startsecs)
2020-05-07 00:30:20,608 INFO success: 5 entered RUNNING state, process has stayed up for > than 1 seconds (startsecs)
2020-05-07 00:30:20,608 INFO success: 6 entered RUNNING state, process has stayed up for > than 1 seconds (startsecs)
2020-05-07 00:30:20,608 INFO success: 7 entered RUNNING state, process has stayed up for > than 1 seconds (startsecs)
2020-05-07 00:30:20,608 INFO success: 8 entered RUNNING state, process has stayed up for > than 1 seconds (startsecs)
2020-05-07 00:30:20,608 INFO success: 9 entered RUNNING state, process has stayed up for > than 1 seconds (startsecs)
2020-05-07 00:31:55,316 INFO exited: 7 (exit status 0; expected)
2020-05-07 00:33:40,344 INFO exited: 4 (exit status 0; expected)
2020-05-08 00:44:38,627 INFO daemonizing the supervisord process
2020-05-08 00:44:38,651 INFO supervisord started with pid 4380
2020-05-08 00:44:39,655 INFO spawned: '0' with pid 4387
2020-05-08 00:44:39,659 INFO spawned: '1' with pid 4388
2020-05-08 00:44:39,664 INFO spawned: '2' with pid 4389
2020-05-08 00:44:39,666 INFO spawned: '3' with pid 4390
2020-05-08 00:44:39,668 INFO spawned: '4' with pid 4391
2020-05-08 00:44:39,670 INFO spawned: '5' with pid 4392
2020-05-08 00:44:39,672 INFO spawned: '6' with pid 4393
2020-05-08 00:44:39,674 INFO spawned: '7' with pid 4394
2020-05-08 00:44:39,675 INFO spawned: '8' with pid 4395
2020-05-08 00:44:39,677 INFO spawned: '9' with pid 4396
2020-05-08 00:44:41,596 INFO success: 0 entered RUNNING state, process has stayed up for > than 1 seconds (startsecs)
2020-05-08 00:44:41,596 INFO success: 1 entered RUNNING state, process has stayed up for > than 1 seconds (startsecs)
2020-05-08 00:44:41,597 INFO success: 2 entered RUNNING state, process has stayed up for > than 1 seconds (startsecs)
2020-05-08 00:44:41,597 INFO success: 3 entered RUNNING state, process has stayed up for > than 1 seconds (startsecs)
2020-05-08 00:44:41,597 INFO success: 4 entered RUNNING state, process has stayed up for > than 1 seconds (startsecs)
2020-05-08 00:44:41,597 INFO success: 5 entered RUNNING state, process has stayed up for > than 1 seconds (startsecs)
2020-05-08 00:44:41,597 INFO success: 6 entered RUNNING state, process has stayed up for > than 1 seconds (startsecs)
2020-05-08 00:44:41,597 INFO success: 7 entered RUNNING state, process has stayed up for > than 1 seconds (startsecs)
2020-05-08 00:44:41,597 INFO success: 8 entered RUNNING state, process has stayed up for > than 1 seconds (startsecs)
2020-05-08 00:44:41,597 INFO success: 9 entered RUNNING state, process has stayed up for > than 1 seconds (startsecs)
2020-05-08 01:15:05,021 INFO exited: 4 (exit status 0; expected)
2020-05-08 01:30:31,504 INFO exited: 3 (exit status 0; expected)
2020-05-08 21:03:43,978 INFO daemonizing the supervisord process
2020-05-08 21:03:44,134 INFO supervisord started with pid 5496
2020-05-08 21:03:45,141 INFO spawned: '0' with pid 5503
2020-05-08 21:03:45,143 INFO spawned: '1' with pid 5504
2020-05-08 21:03:45,145 INFO spawned: '2' with pid 5505
2020-05-08 21:03:45,147 INFO spawned: '3' with pid 5506
2020-05-08 21:03:45,149 INFO spawned: '4' with pid 5507
2020-05-08 21:03:45,151 INFO spawned: '5' with pid 5508
2020-05-08 21:03:45,154 INFO spawned: '6' with pid 5509
2020-05-08 21:03:45,157 INFO spawned: '7' with pid 5510
2020-05-08 21:03:45,159 INFO spawned: '8' with pid 5511
2020-05-08 21:03:45,161 INFO spawned: '9' with pid 5512
2020-05-08 21:03:47,068 INFO success: 0 entered RUNNING state, process has stayed up for > than 1 seconds (startsecs)
2020-05-08 21:03:47,068 INFO success: 1 entered RUNNING state, process has stayed up for > than 1 seconds (startsecs)
2020-05-08 21:03:47,068 INFO success: 2 entered RUNNING state, process has stayed up for > than 1 seconds (startsecs)
2020-05-08 21:03:47,068 INFO success: 3 entered RUNNING state, process has stayed up for > than 1 seconds (startsecs)
2020-05-08 21:03:47,068 INFO success: 4 entered RUNNING state, process has stayed up for > than 1 seconds (startsecs)
2020-05-08 21:03:47,068 INFO success: 5 entered RUNNING state, process has stayed up for > than 1 seconds (startsecs)
2020-05-08 21:03:47,068 INFO success: 6 entered RUNNING state, process has stayed up for > than 1 seconds (startsecs)
2020-05-08 21:03:47,068 INFO success: 7 entered RUNNING state, process has stayed up for > than 1 seconds (startsecs)
2020-05-08 21:03:47,068 INFO success: 8 entered RUNNING state, process has stayed up for > than 1 seconds (startsecs)
2020-05-08 21:03:47,068 INFO success: 9 entered RUNNING state, process has stayed up for > than 1 seconds (startsecs)
